<?xml version="1.0" encoding="UTF-8"?>
<!-- Generated by org.testng.reporters.JUnitXMLReporter -->
<testsuite ignored="0" hostname="DESKTOP-KIS4N2E" failures="1" tests="1" name="Test" time="20.716" errors="0" timestamp="2023-07-01T09:04:34 IST">
  <testcase classname="test.PB_TC_1020_ValidatePolicyUserName" name="validateUserName" time="3.062">
    <failure type="java.lang.AssertionError" message="TC is failed actual and expected are not matching expected [Rajashri Kadam1] but found [Rajashri Kadam]">
      <![CDATA[java.lang.AssertionError: TC is failed actual and expected are not matching expected [Rajashri Kadam1] but found [Rajashri Kadam]
at test.PB_TC_1020_ValidatePolicyUserName.validateUserName(PB_TC_1020_ValidatePolicyUserName.java:78)
at java.base/java.util.ArrayList.forEach(ArrayList.java:1511)
... Removed 32 stack frames]]>
    </failure>
  </testcase> <!-- validateUserName -->
</testsuite> <!-- Test -->
