<?xml version="1.0" encoding="UTF-8"?>
<!-- Generated by org.testng.reporters.JUnitReportReporter -->
<testsuite hostname="DESKTOP-KIS4N2E" failures="1" tests="1" name="test.PB_TC_1020_ValidatePolicyUserName" time="12.874" errors="0" timestamp="2023-07-01T09:04:35 IST" skipped="0">
  <testcase classname="test.PB_TC_1020_ValidatePolicyUserName" name="validateUserName" time="12.874">
    <failure message="TC is failed actual and expected are not matching expected [Rajashri Kadam1] but found [Rajashri Kadam]" type="java.lang.AssertionError">
      <![CDATA[java.lang.AssertionError: TC is failed actual and expected are not matching expected [Rajashri Kadam1] but found [Rajashri Kadam]
at org.testng.Assert.fail(Assert.java:111)
at org.testng.Assert.failNotEquals(Assert.java:1578)
at org.testng.Assert.assertEqualsImpl(Assert.java:150)
at org.testng.Assert.assertEquals(Assert.java:132)
at org.testng.Assert.assertEquals(Assert.java:656)
at test.PB_TC_1020_ValidatePolicyUserName.validateUserName(PB_TC_1020_ValidatePolicyUserName.java:78)
at java.base/jdk.internal.reflect.NativeMethodAccessorImpl.invoke0(Native Method)
at java.base/jdk.internal.reflect.NativeMethodAccessorImpl.invoke(NativeMethodAccessorImpl.java:77)
at java.base/jdk.internal.reflect.DelegatingMethodAccessorImpl.invoke(DelegatingMethodAccessorImpl.java:43)
at java.base/java.lang.reflect.Method.invoke(Method.java:568)
at org.testng.internal.invokers.MethodInvocationHelper.invokeMethod(MethodInvocationHelper.java:139)
at org.testng.internal.invokers.TestInvoker.invokeMethod(TestInvoker.java:664)
at org.testng.internal.invokers.TestInvoker.invokeTestMethod(TestInvoker.java:227)
at org.testng.internal.invokers.MethodRunner.runInSequence(MethodRunner.java:50)
at org.testng.internal.invokers.TestInvoker$MethodInvocationAgent.invoke(TestInvoker.java:957)
at org.testng.internal.invokers.TestInvoker.invokeTestMethods(TestInvoker.java:200)
at org.testng.internal.invokers.TestMethodWorker.invokeTestMethods(TestMethodWorker.java:148)
at org.testng.internal.invokers.TestMethodWorker.run(TestMethodWorker.java:128)
at java.base/java.util.ArrayList.forEach(ArrayList.java:1511)
at org.testng.TestRunner.privateRun(TestRunner.java:848)
at org.testng.TestRunner.run(TestRunner.java:621)
at org.testng.SuiteRunner.runTest(SuiteRunner.java:443)
at org.testng.SuiteRunner.runSequentially(SuiteRunner.java:437)
at org.testng.SuiteRunner.privateRun(SuiteRunner.java:397)
at org.testng.SuiteRunner.run(SuiteRunner.java:336)
at org.testng.SuiteRunnerWorker.runSuite(SuiteRunnerWorker.java:52)
at org.testng.SuiteRunnerWorker.run(SuiteRunnerWorker.java:95)
at org.testng.TestNG.runSuitesSequentially(TestNG.java:1280)
at org.testng.TestNG.runSuitesLocally(TestNG.java:1200)
at org.testng.TestNG.runSuites(TestNG.java:1114)
at org.testng.TestNG.run(TestNG.java:1082)
at org.testng.remote.AbstractRemoteTestNG.run(AbstractRemoteTestNG.java:115)
at org.testng.remote.RemoteTestNG.initAndRun(RemoteTestNG.java:251)
at org.testng.remote.RemoteTestNG.main(RemoteTestNG.java:77)
]]>
    </failure>
    <system-out>
      <![CDATA[TC execustion started for TC validateUserName
waiting for 1000 milli sec
getting actual userName
waiting for 2000 milli sec
readind data UN from propertyFile
taking screenshot
screenShot location is ... D:\Yogendra\PolicyBazaar\screenshots\validateUserName.png]]>
    </system-out>
  </testcase> <!-- validateUserName -->
  <system-out>
    <![CDATA[waiting for 100 milli sec
readind data url from propertyFile
Launching browser
waiting for 1000 milli sec
clicking on home page signInButton
waiting for 1000 milli sec
readind data mobNum from propertyFile
entering mobile number
waiting for 1000 milli sec
clicking on signInWithPassword
waiting for 1000 milli sec
readind data pwd from propertyFile
entring password
waiting for 1000 milli sec
clicking on signInButton
waiting for 1000 milli sec
clicking on myAccount Button
waiting for 1000 milli sec
clicking on myProfile Button
waiting for 1000 milli sec
switching to child page
waiting for 200 milli sec
TC execustion started for TC validateUserName
waiting for 1000 milli sec
getting actual userName
waiting for 2000 milli sec
readind data UN from propertyFile
taking screenshot
screenShot location is ... D:\Yogendra\PolicyBazaar\screenshots\validateUserName.png
logging out...
waiting for 1000 milli sec
Closing Browser]]>
  </system-out>
</testsuite> <!-- test.PB_TC_1020_ValidatePolicyUserName -->
